<?xml version="1.0" encoding="UTF-8"?>
<!DOCTYPE properties SYSTEM "http://java.sun.com/dtd/properties.dtd">
<properties>
	<entry key="test">TEST?</entry>
	<entry key="check">CHECK?</entry>
</properties>